{"/workspace/src/controllers/subscriptionController.js": {"path":"/workspace/src/controllers/subscriptionController.js","statementMap":{"0":{"start":{"line":19,"column":4},"end":{"line":47,"column":5}},"1":{"start":{"line":20,"column":29},"end":{"line":20,"column":66}},"2":{"start":{"line":22,"column":8},"end":{"line":25,"column":11}},"3":{"start":{"line":27,"column":8},"end":{"line":27,"column":61}},"4":{"start":{"line":29,"column":8},"end":{"line":34,"column":9}},"5":{"start":{"line":30,"column":12},"end":{"line":33,"column":15}},"6":{"start":{"line":36,"column":8},"end":{"line":41,"column":9}},"7":{"start":{"line":37,"column":12},"end":{"line":40,"column":15}},"8":{"start":{"line":43,"column":8},"end":{"line":46,"column":11}},"9":{"start":{"line":56,"column":4},"end":{"line":74,"column":5}},"10":{"start":{"line":57,"column":30},"end":{"line":57,"column":57}},"11":{"start":{"line":60,"column":38},"end":{"line":60,"column":89}},"12":{"start":{"line":62,"column":8},"end":{"line":67,"column":11}},"13":{"start":{"line":69,"column":8},"end":{"line":69,"column":61}},"14":{"start":{"line":70,"column":8},"end":{"line":73,"column":11}},"15":{"start":{"line":83,"column":4},"end":{"line":111,"column":5}},"16":{"start":{"line":84,"column":28},"end":{"line":84,"column":38}},"17":{"start":{"line":86,"column":29},"end":{"line":86,"column":62}},"18":{"start":{"line":87,"column":8},"end":{"line":92,"column":9}},"19":{"start":{"line":88,"column":12},"end":{"line":91,"column":15}},"20":{"start":{"line":94,"column":24},"end":{"line":94,"column":51}},"21":{"start":{"line":95,"column":8},"end":{"line":104,"column":9}},"22":{"start":{"line":96,"column":12},"end":{"line":98,"column":15}},"23":{"start":{"line":100,"column":12},"end":{"line":103,"column":15}},"24":{"start":{"line":106,"column":8},"end":{"line":106,"column":61}},"25":{"start":{"line":107,"column":8},"end":{"line":110,"column":11}}},"fnMap":{"0":{"name":"createSubscription","decl":{"start":{"line":18,"column":22},"end":{"line":18,"column":40}},"loc":{"start":{"line":18,"column":51},"end":{"line":48,"column":1}},"line":18},"1":{"name":"getSubscriptions","decl":{"start":{"line":55,"column":22},"end":{"line":55,"column":38}},"loc":{"start":{"line":55,"column":49},"end":{"line":75,"column":1}},"line":55},"2":{"name":"deleteSubscriptionById","decl":{"start":{"line":82,"column":22},"end":{"line":82,"column":44}},"loc":{"start":{"line":82,"column":55},"end":{"line":112,"column":1}},"line":82}},"branchMap":{"0":{"loc":{"start":{"line":29,"column":8},"end":{"line":34,"column":9}},"type":"if","locations":[{"start":{"line":29,"column":8},"end":{"line":34,"column":9}},{"start":{},"end":{}}],"line":29},"1":{"loc":{"start":{"line":36,"column":8},"end":{"line":41,"column":9}},"type":"if","locations":[{"start":{"line":36,"column":8},"end":{"line":41,"column":9}},{"start":{},"end":{}}],"line":36},"2":{"loc":{"start":{"line":36,"column":12},"end":{"line":36,"column":98}},"type":"binary-expr","locations":[{"start":{"line":36,"column":12},"end":{"line":36,"column":51}},{"start":{"line":36,"column":55},"end":{"line":36,"column":98}}],"line":36},"3":{"loc":{"start":{"line":87,"column":8},"end":{"line":92,"column":9}},"type":"if","locations":[{"start":{"line":87,"column":8},"end":{"line":92,"column":9}},{"start":{},"end":{}}],"line":87},"4":{"loc":{"start":{"line":95,"column":8},"end":{"line":104,"column":9}},"type":"if","locations":[{"start":{"line":95,"column":8},"end":{"line":104,"column":9}},{"start":{"line":99,"column":15},"end":{"line":104,"column":9}}],"line":95}},"s":{"0":0,"1":0,"2":0,"3":0,"4":0,"5":0,"6":0,"7":0,"8":0,"9":1,"10":1,"11":1,"12":1,"13":0,"14":0,"15":0,"16":0,"17":0,"18":0,"19":0,"20":0,"21":0,"22":0,"23":0,"24":0,"25":0},"f":{"0":0,"1":1,"2":0},"b":{"0":[0,0],"1":[0,0],"2":[0,0],"3":[0,0],"4":[0,0]},"_coverageSchema":"1a1c01bbd47fc00a2c39e90264f33305004495a9","hash":"8b598890f74b64f1263949bcb61173593ad09c9b"}
,"/workspace/src/controllers/transactionController.js": {"path":"/workspace/src/controllers/transactionController.js","statementMap":{"0":{"start":{"line":14,"column":4},"end":{"line":30,"column":5}},"1":{"start":{"line":15,"column":28},"end":{"line":15,"column":37}},"2":{"start":{"line":16,"column":29},"end":{"line":16,"column":56}},"3":{"start":{"line":18,"column":8},"end":{"line":23,"column":11}},"4":{"start":{"line":25,"column":8},"end":{"line":25,"column":60}},"5":{"start":{"line":26,"column":8},"end":{"line":29,"column":11}}},"fnMap":{"0":{"name":"getTransactions","decl":{"start":{"line":13,"column":22},"end":{"line":13,"column":37}},"loc":{"start":{"line":13,"column":48},"end":{"line":31,"column":1}},"line":13}},"branchMap":{},"s":{"0":1,"1":1,"2":1,"3":1,"4":0,"5":0},"f":{"0":1},"b":{},"_coverageSchema":"1a1c01bbd47fc00a2c39e90264f33305004495a9","hash":"d5967904c5159e782ecd5d3e356c34c90a0fab50"}
,"/workspace/src/middleware/errorHandler.js": {"path":"/workspace/src/middleware/errorHandler.js","statementMap":{"0":{"start":{"line":13,"column":4},"end":{"line":13,"column":33}},"1":{"start":{"line":16,"column":21},"end":{"line":16,"column":24}},"2":{"start":{"line":17,"column":18},"end":{"line":17,"column":41}},"3":{"start":{"line":20,"column":4},"end":{"line":34,"column":5}},"4":{"start":{"line":21,"column":8},"end":{"line":21,"column":25}},"5":{"start":{"line":22,"column":8},"end":{"line":22,"column":30}},"6":{"start":{"line":23,"column":11},"end":{"line":34,"column":5}},"7":{"start":{"line":24,"column":8},"end":{"line":24,"column":25}},"8":{"start":{"line":25,"column":8},"end":{"line":25,"column":40}},"9":{"start":{"line":26,"column":11},"end":{"line":34,"column":5}},"10":{"start":{"line":27,"column":8},"end":{"line":27,"column":25}},"11":{"start":{"line":28,"column":8},"end":{"line":28,"column":30}},"12":{"start":{"line":29,"column":11},"end":{"line":34,"column":5}},"13":{"start":{"line":30,"column":8},"end":{"line":30,"column":25}},"14":{"start":{"line":31,"column":8},"end":{"line":31,"column":30}},"15":{"start":{"line":32,"column":11},"end":{"line":34,"column":5}},"16":{"start":{"line":33,"column":8},"end":{"line":33,"column":30}},"17":{"start":{"line":36,"column":4},"end":{"line":40,"column":7}},"18":{"start":{"line":50,"column":4},"end":{"line":53,"column":7}}},"fnMap":{"0":{"name":"errorHandler","decl":{"start":{"line":12,"column":16},"end":{"line":12,"column":28}},"loc":{"start":{"line":12,"column":50},"end":{"line":41,"column":1}},"line":12},"1":{"name":"notFoundHandler","decl":{"start":{"line":49,"column":16},"end":{"line":49,"column":31}},"loc":{"start":{"line":49,"column":48},"end":{"line":54,"column":1}},"line":49}},"branchMap":{"0":{"loc":{"start":{"line":20,"column":4},"end":{"line":34,"column":5}},"type":"if","locations":[{"start":{"line":20,"column":4},"end":{"line":34,"column":5}},{"start":{"line":23,"column":11},"end":{"line":34,"column":5}}],"line":20},"1":{"loc":{"start":{"line":23,"column":11},"end":{"line":34,"column":5}},"type":"if","locations":[{"start":{"line":23,"column":11},"end":{"line":34,"column":5}},{"start":{"line":26,"column":11},"end":{"line":34,"column":5}}],"line":23},"2":{"loc":{"start":{"line":26,"column":11},"end":{"line":34,"column":5}},"type":"if","locations":[{"start":{"line":26,"column":11},"end":{"line":34,"column":5}},{"start":{"line":29,"column":11},"end":{"line":34,"column":5}}],"line":26},"3":{"loc":{"start":{"line":26,"column":15},"end":{"line":26,"column":63}},"type":"binary-expr","locations":[{"start":{"line":26,"column":15},"end":{"line":26,"column":26}},{"start":{"line":26,"column":30},"end":{"line":26,"column":63}}],"line":26},"4":{"loc":{"start":{"line":29,"column":11},"end":{"line":34,"column":5}},"type":"if","locations":[{"start":{"line":29,"column":11},"end":{"line":34,"column":5}},{"start":{"line":32,"column":11},"end":{"line":34,"column":5}}],"line":29},"5":{"loc":{"start":{"line":29,"column":15},"end":{"line":29,"column":68}},"type":"binary-expr","locations":[{"start":{"line":29,"column":15},"end":{"line":29,"column":26}},{"start":{"line":29,"column":30},"end":{"line":29,"column":68}}],"line":29},"6":{"loc":{"start":{"line":32,"column":11},"end":{"line":34,"column":5}},"type":"if","locations":[{"start":{"line":32,"column":11},"end":{"line":34,"column":5}},{"start":{},"end":{}}],"line":32},"7":{"loc":{"start":{"line":39,"column":12},"end":{"line":39,"column":74}},"type":"binary-expr","locations":[{"start":{"line":39,"column":12},"end":{"line":39,"column":50}},{"start":{"line":39,"column":54},"end":{"line":39,"column":74}}],"line":39}},"s":{"0":0,"1":0,"2":0,"3":0,"4":0,"5":0,"6":0,"7":0,"8":0,"9":0,"10":0,"11":0,"12":0,"13":0,"14":0,"15":0,"16":0,"17":0,"18":2},"f":{"0":0,"1":2},"b":{"0":[0,0],"1":[0,0],"2":[0,0],"3":[0,0],"4":[0,0],"5":[0,0],"6":[0,0],"7":[0,0]},"_coverageSchema":"1a1c01bbd47fc00a2c39e90264f33305004495a9","hash":"46508acfcc8aa0559731f45b12d873662fce151e"}
,"/workspace/src/middleware/validation.js": {"path":"/workspace/src/middleware/validation.js","statementMap":{"0":{"start":{"line":15,"column":73},"end":{"line":15,"column":81}},"1":{"start":{"line":18,"column":4},"end":{"line":23,"column":5}},"2":{"start":{"line":19,"column":8},"end":{"line":22,"column":11}},"3":{"start":{"line":26,"column":4},"end":{"line":31,"column":5}},"4":{"start":{"line":27,"column":8},"end":{"line":30,"column":11}},"5":{"start":{"line":34,"column":4},"end":{"line":39,"column":5}},"6":{"start":{"line":35,"column":8},"end":{"line":38,"column":11}},"7":{"start":{"line":42,"column":4},"end":{"line":47,"column":5}},"8":{"start":{"line":43,"column":8},"end":{"line":46,"column":11}},"9":{"start":{"line":49,"column":4},"end":{"line":49,"column":11}},"10":{"start":{"line":59,"column":24},"end":{"line":59,"column":33}},"11":{"start":{"line":61,"column":4},"end":{"line":66,"column":5}},"12":{"start":{"line":62,"column":8},"end":{"line":65,"column":11}},"13":{"start":{"line":68,"column":4},"end":{"line":68,"column":11}}},"fnMap":{"0":{"name":"validateSubscriptionRequest","decl":{"start":{"line":14,"column":16},"end":{"line":14,"column":43}},"loc":{"start":{"line":14,"column":60},"end":{"line":50,"column":1}},"line":14},"1":{"name":"validateTransactionQuery","decl":{"start":{"line":58,"column":16},"end":{"line":58,"column":40}},"loc":{"start":{"line":58,"column":57},"end":{"line":69,"column":1}},"line":58}},"branchMap":{"0":{"loc":{"start":{"line":18,"column":4},"end":{"line":23,"column":5}},"type":"if","locations":[{"start":{"line":18,"column":4},"end":{"line":23,"column":5}},{"start":{},"end":{}}],"line":18},"1":{"loc":{"start":{"line":18,"column":8},"end":{"line":18,"column":77}},"type":"binary-expr","locations":[{"start":{"line":18,"column":8},"end":{"line":18,"column":16}},{"start":{"line":18,"column":20},"end":{"line":18,"column":27}},{"start":{"line":18,"column":31},"end":{"line":18,"column":40}},{"start":{"line":18,"column":44},"end":{"line":18,"column":53}},{"start":{"line":18,"column":57},"end":{"line":18,"column":77}}],"line":18},"2":{"loc":{"start":{"line":26,"column":4},"end":{"line":31,"column":5}},"type":"if","locations":[{"start":{"line":26,"column":4},"end":{"line":31,"column":5}},{"start":{},"end":{}}],"line":26},"3":{"loc":{"start":{"line":34,"column":4},"end":{"line":39,"column":5}},"type":"if","locations":[{"start":{"line":34,"column":4},"end":{"line":39,"column":5}},{"start":{},"end":{}}],"line":34},"4":{"loc":{"start":{"line":42,"column":4},"end":{"line":47,"column":5}},"type":"if","locations":[{"start":{"line":42,"column":4},"end":{"line":47,"column":5}},{"start":{},"end":{}}],"line":42},"5":{"loc":{"start":{"line":42,"column":8},"end":{"line":42,"column":49}},"type":"binary-expr","locations":[{"start":{"line":42,"column":8},"end":{"line":42,"column":34}},{"start":{"line":42,"column":38},"end":{"line":42,"column":49}}],"line":42},"6":{"loc":{"start":{"line":61,"column":4},"end":{"line":66,"column":5}},"type":"if","locations":[{"start":{"line":61,"column":4},"end":{"line":66,"column":5}},{"start":{},"end":{}}],"line":61},"7":{"loc":{"start":{"line":61,"column":8},"end":{"line":61,"column":46}},"type":"binary-expr","locations":[{"start":{"line":61,"column":8},"end":{"line":61,"column":15}},{"start":{"line":61,"column":19},"end":{"line":61,"column":46}}],"line":61}},"s":{"0":1,"1":1,"2":1,"3":0,"4":0,"5":0,"6":0,"7":0,"8":0,"9":0,"10":1,"11":1,"12":0,"13":1},"f":{"0":1,"1":1},"b":{"0":[1,0],"1":[1,0,0,0,0],"2":[0,0],"3":[0,0],"4":[0,0],"5":[0,0],"6":[0,1],"7":[1,0]},"_coverageSchema":"1a1c01bbd47fc00a2c39e90264f33305004495a9","hash":"1c9efe622ebf8684d6f9339f178000a63ad4dedd"}
,"/workspace/src/models/Subscription.js": {"path":"/workspace/src/models/Subscription.js","statementMap":{"0":{"start":{"line":5,"column":35},"end":{"line":5,"column":85}},"1":{"start":{"line":13,"column":4},"end":{"line":13,"column":50}},"2":{"start":{"line":21,"column":4},"end":{"line":21,"column":31}},"3":{"start":{"line":39,"column":8},"end":{"line":39,"column":12}},"4":{"start":{"line":41,"column":4},"end":{"line":53,"column":6}},"5":{"start":{"line":62,"column":19},"end":{"line":62,"column":21}},"6":{"start":{"line":63,"column":73},"end":{"line":63,"column":77}},"7":{"start":{"line":65,"column":4},"end":{"line":67,"column":5}},"8":{"start":{"line":66,"column":8},"end":{"line":66,"column":43}},"9":{"start":{"line":69,"column":4},"end":{"line":71,"column":5}},"10":{"start":{"line":70,"column":8},"end":{"line":70,"column":56}},"11":{"start":{"line":73,"column":4},"end":{"line":75,"column":5}},"12":{"start":{"line":74,"column":8},"end":{"line":74,"column":44}},"13":{"start":{"line":77,"column":4},"end":{"line":81,"column":5}},"14":{"start":{"line":78,"column":8},"end":{"line":78,"column":44}},"15":{"start":{"line":79,"column":11},"end":{"line":81,"column":5}},"16":{"start":{"line":80,"column":8},"end":{"line":80,"column":61}},"17":{"start":{"line":83,"column":4},"end":{"line":85,"column":5}},"18":{"start":{"line":84,"column":8},"end":{"line":84,"column":55}},"19":{"start":{"line":87,"column":4},"end":{"line":90,"column":6}}},"fnMap":{"0":{"name":"isIntervalSupported","decl":{"start":{"line":12,"column":16},"end":{"line":12,"column":35}},"loc":{"start":{"line":12,"column":46},"end":{"line":14,"column":1}},"line":12},"1":{"name":"getSupportedIntervals","decl":{"start":{"line":20,"column":16},"end":{"line":20,"column":37}},"loc":{"start":{"line":20,"column":40},"end":{"line":22,"column":1}},"line":20},"2":{"name":"createSubscription","decl":{"start":{"line":29,"column":16},"end":{"line":29,"column":34}},"loc":{"start":{"line":29,"column":41},"end":{"line":54,"column":1}},"line":29},"3":{"name":"validateSubscription","decl":{"start":{"line":61,"column":16},"end":{"line":61,"column":36}},"loc":{"start":{"line":61,"column":43},"end":{"line":91,"column":1}},"line":61}},"branchMap":{"0":{"loc":{"start":{"line":65,"column":4},"end":{"line":67,"column":5}},"type":"if","locations":[{"start":{"line":65,"column":4},"end":{"line":67,"column":5}},{"start":{},"end":{}}],"line":65},"1":{"loc":{"start":{"line":69,"column":4},"end":{"line":71,"column":5}},"type":"if","locations":[{"start":{"line":69,"column":4},"end":{"line":71,"column":5}},{"start":{},"end":{}}],"line":69},"2":{"loc":{"start":{"line":69,"column":8},"end":{"line":69,"column":60}},"type":"binary-expr","locations":[{"start":{"line":69,"column":8},"end":{"line":69,"column":15}},{"start":{"line":69,"column":19},"end":{"line":69,"column":45}},{"start":{"line":69,"column":49},"end":{"line":69,"column":60}}],"line":69},"3":{"loc":{"start":{"line":73,"column":4},"end":{"line":75,"column":5}},"type":"if","locations":[{"start":{"line":73,"column":4},"end":{"line":75,"column":5}},{"start":{},"end":{}}],"line":73},"4":{"loc":{"start":{"line":77,"column":4},"end":{"line":81,"column":5}},"type":"if","locations":[{"start":{"line":77,"column":4},"end":{"line":81,"column":5}},{"start":{"line":79,"column":11},"end":{"line":81,"column":5}}],"line":77},"5":{"loc":{"start":{"line":79,"column":11},"end":{"line":81,"column":5}},"type":"if","locations":[{"start":{"line":79,"column":11},"end":{"line":81,"column":5}},{"start":{},"end":{}}],"line":79},"6":{"loc":{"start":{"line":83,"column":4},"end":{"line":85,"column":5}},"type":"if","locations":[{"start":{"line":83,"column":4},"end":{"line":85,"column":5}},{"start":{},"end":{}}],"line":83}},"s":{"0":1,"1":0,"2":0,"3":0,"4":0,"5":0,"6":0,"7":0,"8":0,"9":0,"10":0,"11":0,"12":0,"13":0,"14":0,"15":0,"16":0,"17":0,"18":0,"19":0},"f":{"0":0,"1":0,"2":0,"3":0},"b":{"0":[0,0],"1":[0,0],"2":[0,0,0],"3":[0,0],"4":[0,0],"5":[0,0],"6":[0,0]},"_coverageSchema":"1a1c01bbd47fc00a2c39e90264f33305004495a9","hash":"8d5c3177c190308fea9a06b217ace41283a944a5"}
,"/workspace/src/models/Transaction.js": {"path":"/workspace/src/models/Transaction.js","statementMap":{"0":{"start":{"line":11,"column":4},"end":{"line":23,"column":6}},"1":{"start":{"line":32,"column":19},"end":{"line":32,"column":21}},"2":{"start":{"line":33,"column":24},"end":{"line":33,"column":29}},"3":{"start":{"line":35,"column":4},"end":{"line":37,"column":5}},"4":{"start":{"line":36,"column":8},"end":{"line":36,"column":48}},"5":{"start":{"line":39,"column":4},"end":{"line":42,"column":6}}},"fnMap":{"0":{"name":"createTransaction","decl":{"start":{"line":10,"column":16},"end":{"line":10,"column":33}},"loc":{"start":{"line":10,"column":48},"end":{"line":24,"column":1}},"line":10},"1":{"name":"validateTransactionQuery","decl":{"start":{"line":31,"column":16},"end":{"line":31,"column":40}},"loc":{"start":{"line":31,"column":48},"end":{"line":43,"column":1}},"line":31}},"branchMap":{"0":{"loc":{"start":{"line":35,"column":4},"end":{"line":37,"column":5}},"type":"if","locations":[{"start":{"line":35,"column":4},"end":{"line":37,"column":5}},{"start":{},"end":{}}],"line":35},"1":{"loc":{"start":{"line":35,"column":8},"end":{"line":35,"column":46}},"type":"binary-expr","locations":[{"start":{"line":35,"column":8},"end":{"line":35,"column":15}},{"start":{"line":35,"column":19},"end":{"line":35,"column":46}}],"line":35}},"s":{"0":0,"1":0,"2":0,"3":0,"4":0,"5":0},"f":{"0":0,"1":0},"b":{"0":[0,0],"1":[0,0]},"_coverageSchema":"1a1c01bbd47fc00a2c39e90264f33305004495a9","hash":"e6f2dce9e78a356f73e4f70baa62a1ea94bdcffd"}
,"/workspace/src/routes/index.js": {"path":"/workspace/src/routes/index.js","statementMap":{"0":{"start":{"line":9,"column":15},"end":{"line":9,"column":31}},"1":{"start":{"line":12,"column":0},"end":{"line":12,"column":49}},"2":{"start":{"line":13,"column":0},"end":{"line":13,"column":47}},"3":{"start":{"line":16,"column":0},"end":{"line":22,"column":3}},"4":{"start":{"line":17,"column":4},"end":{"line":21,"column":7}}},"fnMap":{"0":{"name":"(anonymous_0)","decl":{"start":{"line":16,"column":22},"end":{"line":16,"column":23}},"loc":{"start":{"line":16,"column":36},"end":{"line":22,"column":1}},"line":16}},"branchMap":{},"s":{"0":1,"1":1,"2":1,"3":1,"4":1},"f":{"0":1},"b":{},"_coverageSchema":"1a1c01bbd47fc00a2c39e90264f33305004495a9","hash":"b4dd18f889ae55176d276ff0e7e5de1847a06284"}
,"/workspace/src/routes/subscriptionRoutes.js": {"path":"/workspace/src/routes/subscriptionRoutes.js","statementMap":{"0":{"start":{"line":13,"column":15},"end":{"line":13,"column":31}},"1":{"start":{"line":20,"column":0},"end":{"line":20,"column":66}},"2":{"start":{"line":27,"column":0},"end":{"line":27,"column":34}},"3":{"start":{"line":34,"column":0},"end":{"line":34,"column":51}}},"fnMap":{},"branchMap":{},"s":{"0":1,"1":1,"2":1,"3":1},"f":{},"b":{},"_coverageSchema":"1a1c01bbd47fc00a2c39e90264f33305004495a9","hash":"cf2fd4dcc8650e5cd6d31c354ea099e029e28478"}
,"/workspace/src/routes/transactionRoutes.js": {"path":"/workspace/src/routes/transactionRoutes.js","statementMap":{"0":{"start":{"line":9,"column":15},"end":{"line":9,"column":31}},"1":{"start":{"line":16,"column":0},"end":{"line":16,"column":59}}},"fnMap":{},"branchMap":{},"s":{"0":1,"1":1},"f":{},"b":{},"_coverageSchema":"1a1c01bbd47fc00a2c39e90264f33305004495a9","hash":"9ba86cbe1f76cad48d3e183684a0f74550b0e40b"}
,"/workspace/src/services/currencyService.js": {"path":"/workspace/src/services/currencyService.js","statementMap":{"0":{"start":{"line":8,"column":23},"end":{"line":116,"column":1}},"1":{"start":{"line":119,"column":36},"end":{"line":119,"column":63}},"2":{"start":{"line":128,"column":4},"end":{"line":130,"column":5}},"3":{"start":{"line":129,"column":8},"end":{"line":129,"column":65}},"4":{"start":{"line":132,"column":17},"end":{"line":132,"column":59}},"5":{"start":{"line":133,"column":4},"end":{"line":133,"column":25}},"6":{"start":{"line":143,"column":4},"end":{"line":145,"column":5}},"7":{"start":{"line":144,"column":8},"end":{"line":144,"column":63}},"8":{"start":{"line":147,"column":17},"end":{"line":147,"column":57}},"9":{"start":{"line":148,"column":4},"end":{"line":148,"column":28}},"10":{"start":{"line":158,"column":4},"end":{"line":160,"column":5}},"11":{"start":{"line":159,"column":8},"end":{"line":159,"column":19}},"12":{"start":{"line":162,"column":21},"end":{"line":162,"column":63}},"13":{"start":{"line":163,"column":19},"end":{"line":163,"column":59}},"14":{"start":{"line":165,"column":4},"end":{"line":167,"column":5}},"15":{"start":{"line":166,"column":8},"end":{"line":166,"column":82}},"16":{"start":{"line":169,"column":4},"end":{"line":169,"column":29}},"17":{"start":{"line":179,"column":28},"end":{"line":257,"column":5}},"18":{"start":{"line":259,"column":19},"end":{"line":259,"column":84}},"19":{"start":{"line":260,"column":21},"end":{"line":260,"column":125}},"20":{"start":{"line":262,"column":4},"end":{"line":262,"column":50}},"21":{"start":{"line":271,"column":4},"end":{"line":271,"column":65}},"22":{"start":{"line":279,"column":4},"end":{"line":279,"column":32}}},"fnMap":{"0":{"name":"convertToUSD","decl":{"start":{"line":127,"column":16},"end":{"line":127,"column":28}},"loc":{"start":{"line":127,"column":51},"end":{"line":134,"column":1}},"line":127},"1":{"name":"convertFromUSD","decl":{"start":{"line":142,"column":16},"end":{"line":142,"column":30}},"loc":{"start":{"line":142,"column":54},"end":{"line":149,"column":1}},"line":142},"2":{"name":"getExchangeRate","decl":{"start":{"line":157,"column":16},"end":{"line":157,"column":31}},"loc":{"start":{"line":157,"column":58},"end":{"line":170,"column":1}},"line":157},"3":{"name":"formatCurrency","decl":{"start":{"line":178,"column":16},"end":{"line":178,"column":30}},"loc":{"start":{"line":178,"column":49},"end":{"line":263,"column":1}},"line":178},"4":{"name":"isCurrencySupported","decl":{"start":{"line":270,"column":16},"end":{"line":270,"column":35}},"loc":{"start":{"line":270,"column":46},"end":{"line":272,"column":1}},"line":270},"5":{"name":"getSupportedCurrencies","decl":{"start":{"line":278,"column":16},"end":{"line":278,"column":38}},"loc":{"start":{"line":278,"column":41},"end":{"line":280,"column":1}},"line":278}},"branchMap":{"0":{"loc":{"start":{"line":128,"column":4},"end":{"line":130,"column":5}},"type":"if","locations":[{"start":{"line":128,"column":4},"end":{"line":130,"column":5}},{"start":{},"end":{}}],"line":128},"1":{"loc":{"start":{"line":128,"column":8},"end":{"line":128,"column":68}},"type":"binary-expr","locations":[{"start":{"line":128,"column":8},"end":{"line":128,"column":21}},{"start":{"line":128,"column":25},"end":{"line":128,"column":68}}],"line":128},"2":{"loc":{"start":{"line":143,"column":4},"end":{"line":145,"column":5}},"type":"if","locations":[{"start":{"line":143,"column":4},"end":{"line":145,"column":5}},{"start":{},"end":{}}],"line":143},"3":{"loc":{"start":{"line":143,"column":8},"end":{"line":143,"column":64}},"type":"binary-expr","locations":[{"start":{"line":143,"column":8},"end":{"line":143,"column":19}},{"start":{"line":143,"column":23},"end":{"line":143,"column":64}}],"line":143},"4":{"loc":{"start":{"line":158,"column":4},"end":{"line":160,"column":5}},"type":"if","locations":[{"start":{"line":158,"column":4},"end":{"line":160,"column":5}},{"start":{},"end":{}}],"line":158},"5":{"loc":{"start":{"line":165,"column":4},"end":{"line":167,"column":5}},"type":"if","locations":[{"start":{"line":165,"column":4},"end":{"line":167,"column":5}},{"start":{},"end":{}}],"line":165},"6":{"loc":{"start":{"line":165,"column":8},"end":{"line":165,"column":28}},"type":"binary-expr","locations":[{"start":{"line":165,"column":8},"end":{"line":165,"column":17}},{"start":{"line":165,"column":21},"end":{"line":165,"column":28}}],"line":165},"7":{"loc":{"start":{"line":259,"column":19},"end":{"line":259,"column":84}},"type":"binary-expr","locations":[{"start":{"line":259,"column":19},"end":{"line":259,"column":58}},{"start":{"line":259,"column":62},"end":{"line":259,"column":84}}],"line":259},"8":{"loc":{"start":{"line":260,"column":21},"end":{"line":260,"column":125}},"type":"cond-expr","locations":[{"start":{"line":260,"column":120},"end":{"line":260,"column":121}},{"start":{"line":260,"column":124},"end":{"line":260,"column":125}}],"line":260}},"s":{"0":1,"1":1,"2":0,"3":0,"4":0,"5":0,"6":0,"7":0,"8":0,"9":0,"10":0,"11":0,"12":0,"13":0,"14":0,"15":0,"16":0,"17":0,"18":0,"19":0,"20":0,"21":0,"22":0},"f":{"0":0,"1":0,"2":0,"3":0,"4":0,"5":0},"b":{"0":[0,0],"1":[0,0],"2":[0,0],"3":[0,0],"4":[0,0],"5":[0,0],"6":[0,0],"7":[0,0],"8":[0,0]},"_coverageSchema":"1a1c01bbd47fc00a2c39e90264f33305004495a9","hash":"d962fb223694d4c0cb6a525f0e8005c387d81fab"}
,"/workspace/src/services/llmService.js": {"path":"/workspace/src/services/llmService.js","statementMap":{"0":{"start":{"line":4,"column":0},"end":{"line":4,"column":16}},"1":{"start":{"line":6,"column":15},"end":{"line":8,"column":2}},"2":{"start":{"line":16,"column":2},"end":{"line":65,"column":3}},"3":{"start":{"line":17,"column":19},"end":{"line":29,"column":1}},"4":{"start":{"line":31,"column":23},"end":{"line":45,"column":6}},"5":{"start":{"line":47,"column":21},"end":{"line":47,"column":58}},"6":{"start":{"line":50,"column":27},"end":{"line":50,"column":47}},"7":{"start":{"line":52,"column":4},"end":{"line":55,"column":6}},"8":{"start":{"line":58,"column":4},"end":{"line":58,"column":63}},"9":{"start":{"line":61,"column":4},"end":{"line":64,"column":6}},"10":{"start":{"line":75,"column":19},"end":{"line":75,"column":52}},"11":{"start":{"line":76,"column":15},"end":{"line":76,"column":17}},"12":{"start":{"line":78,"column":2},"end":{"line":80,"column":3}},"13":{"start":{"line":79,"column":4},"end":{"line":79,"column":33}},"14":{"start":{"line":81,"column":2},"end":{"line":83,"column":3}},"15":{"start":{"line":82,"column":4},"end":{"line":82,"column":27}},"16":{"start":{"line":84,"column":2},"end":{"line":86,"column":3}},"17":{"start":{"line":85,"column":4},"end":{"line":85,"column":28}},"18":{"start":{"line":87,"column":2},"end":{"line":89,"column":3}},"19":{"start":{"line":88,"column":4},"end":{"line":88,"column":99}},"20":{"start":{"line":91,"column":2},"end":{"line":93,"column":3}},"21":{"start":{"line":92,"column":4},"end":{"line":92,"column":25}},"22":{"start":{"line":95,"column":2},"end":{"line":100,"column":4}}},"fnMap":{"0":{"name":"analyzeCampaign","decl":{"start":{"line":15,"column":22},"end":{"line":15,"column":37}},"loc":{"start":{"line":15,"column":59},"end":{"line":66,"column":1}},"line":15},"1":{"name":"analyzeCampaignFallback","decl":{"start":{"line":73,"column":16},"end":{"line":73,"column":39}},"loc":{"start":{"line":73,"column":61},"end":{"line":101,"column":1}},"line":73}},"branchMap":{"0":{"loc":{"start":{"line":53,"column":12},"end":{"line":53,"column":37}},"type":"binary-expr","locations":[{"start":{"line":53,"column":12},"end":{"line":53,"column":31}},{"start":{"line":53,"column":35},"end":{"line":53,"column":37}}],"line":53},"1":{"loc":{"start":{"line":54,"column":15},"end":{"line":54,"column":73}},"type":"binary-expr","locations":[{"start":{"line":54,"column":15},"end":{"line":54,"column":37}},{"start":{"line":54,"column":41},"end":{"line":54,"column":73}}],"line":54},"2":{"loc":{"start":{"line":78,"column":2},"end":{"line":80,"column":3}},"type":"if","locations":[{"start":{"line":78,"column":2},"end":{"line":80,"column":3}},{"start":{},"end":{}}],"line":78},"3":{"loc":{"start":{"line":78,"column":6},"end":{"line":78,"column":100}},"type":"binary-expr","locations":[{"start":{"line":78,"column":6},"end":{"line":78,"column":35}},{"start":{"line":78,"column":39},"end":{"line":78,"column":66}},{"start":{"line":78,"column":70},"end":{"line":78,"column":100}}],"line":78},"4":{"loc":{"start":{"line":81,"column":2},"end":{"line":83,"column":3}},"type":"if","locations":[{"start":{"line":81,"column":2},"end":{"line":83,"column":3}},{"start":{},"end":{}}],"line":81},"5":{"loc":{"start":{"line":81,"column":6},"end":{"line":81,"column":100}},"type":"binary-expr","locations":[{"start":{"line":81,"column":6},"end":{"line":81,"column":36}},{"start":{"line":81,"column":40},"end":{"line":81,"column":67}},{"start":{"line":81,"column":71},"end":{"line":81,"column":100}}],"line":81},"6":{"loc":{"start":{"line":84,"column":2},"end":{"line":86,"column":3}},"type":"if","locations":[{"start":{"line":84,"column":2},"end":{"line":86,"column":3}},{"start":{},"end":{}}],"line":84},"7":{"loc":{"start":{"line":84,"column":6},"end":{"line":84,"column":98}},"type":"binary-expr","locations":[{"start":{"line":84,"column":6},"end":{"line":84,"column":33}},{"start":{"line":84,"column":37},"end":{"line":84,"column":65}},{"start":{"line":84,"column":69},"end":{"line":84,"column":98}}],"line":84},"8":{"loc":{"start":{"line":87,"column":2},"end":{"line":89,"column":3}},"type":"if","locations":[{"start":{"line":87,"column":2},"end":{"line":89,"column":3}},{"start":{},"end":{}}],"line":87},"9":{"loc":{"start":{"line":87,"column":6},"end":{"line":87,"column":93}},"type":"binary-expr","locations":[{"start":{"line":87,"column":6},"end":{"line":87,"column":32}},{"start":{"line":87,"column":36},"end":{"line":87,"column":62}},{"start":{"line":87,"column":66},"end":{"line":87,"column":93}}],"line":87},"10":{"loc":{"start":{"line":88,"column":14},"end":{"line":88,"column":97}},"type":"binary-expr","locations":[{"start":{"line":88,"column":14},"end":{"line":88,"column":78}},{"start":{"line":88,"column":82},"end":{"line":88,"column":97}}],"line":88},"11":{"loc":{"start":{"line":91,"column":2},"end":{"line":93,"column":3}},"type":"if","locations":[{"start":{"line":91,"column":2},"end":{"line":93,"column":3}},{"start":{},"end":{}}],"line":91},"12":{"loc":{"start":{"line":97,"column":13},"end":{"line":99,"column":27}},"type":"cond-expr","locations":[{"start":{"line":98,"column":8},"end":{"line":98,"column":53}},{"start":{"line":99,"column":8},"end":{"line":99,"column":27}}],"line":97}},"s":{"0":1,"1":1,"2":0,"3":0,"4":0,"5":0,"6":0,"7":0,"8":0,"9":0,"10":0,"11":0,"12":0,"13":0,"14":0,"15":0,"16":0,"17":0,"18":0,"19":0,"20":0,"21":0,"22":0},"f":{"0":0,"1":0},"b":{"0":[0,0],"1":[0,0],"2":[0,0],"3":[0,0,0],"4":[0,0],"5":[0,0,0],"6":[0,0],"7":[0,0,0],"8":[0,0],"9":[0,0,0],"10":[0,0],"11":[0,0],"12":[0,0]},"_coverageSchema":"1a1c01bbd47fc00a2c39e90264f33305004495a9","hash":"82da96cc70c5342076916c71966b8d134ed3d349"}
,"/workspace/src/services/subscriptionService.js": {"path":"/workspace/src/services/subscriptionService.js","statementMap":{"0":{"start":{"line":10,"column":22},"end":{"line":10,"column":24}},"1":{"start":{"line":18,"column":23},"end":{"line":18,"column":61}},"2":{"start":{"line":19,"column":4},"end":{"line":21,"column":5}},"3":{"start":{"line":20,"column":8},"end":{"line":20,"column":78}},"4":{"start":{"line":23,"column":73},"end":{"line":23,"column":89}},"5":{"start":{"line":26,"column":4},"end":{"line":28,"column":5}},"6":{"start":{"line":27,"column":8},"end":{"line":27,"column":127}},"7":{"start":{"line":31,"column":4},"end":{"line":33,"column":5}},"8":{"start":{"line":32,"column":8},"end":{"line":32,"column":55}},"9":{"start":{"line":36,"column":24},"end":{"line":36,"column":54}},"10":{"start":{"line":40,"column":4},"end":{"line":45,"column":5}},"11":{"start":{"line":41,"column":8},"end":{"line":41,"column":70}},"12":{"start":{"line":43,"column":8},"end":{"line":43,"column":73}},"13":{"start":{"line":44,"column":8},"end":{"line":44,"column":72}},"14":{"start":{"line":47,"column":25},"end":{"line":56,"column":6}},"15":{"start":{"line":58,"column":4},"end":{"line":58,"column":42}},"16":{"start":{"line":59,"column":4},"end":{"line":59,"column":24}},"17":{"start":{"line":67,"column":4},"end":{"line":67,"column":84}},"18":{"start":{"line":67,"column":63},"end":{"line":67,"column":82}},"19":{"start":{"line":76,"column":4},"end":{"line":76,"column":42}},"20":{"start":{"line":85,"column":4},"end":{"line":87,"column":5}},"21":{"start":{"line":86,"column":8},"end":{"line":86,"column":21}},"22":{"start":{"line":89,"column":4},"end":{"line":93,"column":6}},"23":{"start":{"line":95,"column":4},"end":{"line":95,"column":16}},"24":{"start":{"line":103,"column":4},"end":{"line":103,"column":40}},"25":{"start":{"line":113,"column":4},"end":{"line":117,"column":7}},"26":{"start":{"line":114,"column":25},"end":{"line":114,"column":44}},"27":{"start":{"line":115,"column":8},"end":{"line":115,"column":58}},"28":{"start":{"line":115,"column":36},"end":{"line":115,"column":56}},"29":{"start":{"line":116,"column":8},"end":{"line":116,"column":24}},"30":{"start":{"line":125,"column":4},"end":{"line":125,"column":25}}},"fnMap":{"0":{"name":"createNewSubscription","decl":{"start":{"line":17,"column":22},"end":{"line":17,"column":43}},"loc":{"start":{"line":17,"column":62},"end":{"line":60,"column":1}},"line":17},"1":{"name":"getAllActiveSubscriptions","decl":{"start":{"line":66,"column":16},"end":{"line":66,"column":41}},"loc":{"start":{"line":66,"column":44},"end":{"line":68,"column":1}},"line":66},"2":{"name":"(anonymous_2)","decl":{"start":{"line":67,"column":47},"end":{"line":67,"column":48}},"loc":{"start":{"line":67,"column":63},"end":{"line":67,"column":82}},"line":67},"3":{"name":"getSubscriptionByDonorId","decl":{"start":{"line":75,"column":16},"end":{"line":75,"column":40}},"loc":{"start":{"line":75,"column":50},"end":{"line":77,"column":1}},"line":75},"4":{"name":"deleteSubscription","decl":{"start":{"line":84,"column":16},"end":{"line":84,"column":34}},"loc":{"start":{"line":84,"column":44},"end":{"line":96,"column":1}},"line":84},"5":{"name":"getAllSubscriptions","decl":{"start":{"line":102,"column":16},"end":{"line":102,"column":35}},"loc":{"start":{"line":102,"column":38},"end":{"line":104,"column":1}},"line":102},"6":{"name":"filterSubscriptions","decl":{"start":{"line":112,"column":16},"end":{"line":112,"column":35}},"loc":{"start":{"line":112,"column":65},"end":{"line":118,"column":1}},"line":112},"7":{"name":"(anonymous_7)","decl":{"start":{"line":113,"column":29},"end":{"line":113,"column":30}},"loc":{"start":{"line":113,"column":45},"end":{"line":117,"column":5}},"line":113},"8":{"name":"(anonymous_8)","decl":{"start":{"line":115,"column":29},"end":{"line":115,"column":30}},"loc":{"start":{"line":115,"column":36},"end":{"line":115,"column":56}},"line":115},"9":{"name":"getSubscriptionsStorage","decl":{"start":{"line":124,"column":16},"end":{"line":124,"column":39}},"loc":{"start":{"line":124,"column":42},"end":{"line":126,"column":1}},"line":124}},"branchMap":{"0":{"loc":{"start":{"line":19,"column":4},"end":{"line":21,"column":5}},"type":"if","locations":[{"start":{"line":19,"column":4},"end":{"line":21,"column":5}},{"start":{},"end":{}}],"line":19},"1":{"loc":{"start":{"line":26,"column":4},"end":{"line":28,"column":5}},"type":"if","locations":[{"start":{"line":26,"column":4},"end":{"line":28,"column":5}},{"start":{},"end":{}}],"line":26},"2":{"loc":{"start":{"line":31,"column":4},"end":{"line":33,"column":5}},"type":"if","locations":[{"start":{"line":31,"column":4},"end":{"line":33,"column":5}},{"start":{},"end":{}}],"line":31},"3":{"loc":{"start":{"line":40,"column":4},"end":{"line":45,"column":5}},"type":"if","locations":[{"start":{"line":40,"column":4},"end":{"line":45,"column":5}},{"start":{"line":42,"column":11},"end":{"line":45,"column":5}}],"line":40},"4":{"loc":{"start":{"line":76,"column":11},"end":{"line":76,"column":41}},"type":"binary-expr","locations":[{"start":{"line":76,"column":11},"end":{"line":76,"column":33}},{"start":{"line":76,"column":37},"end":{"line":76,"column":41}}],"line":76},"5":{"loc":{"start":{"line":85,"column":4},"end":{"line":87,"column":5}},"type":"if","locations":[{"start":{"line":85,"column":4},"end":{"line":87,"column":5}},{"start":{},"end":{}}],"line":85}},"s":{"0":1,"1":0,"2":0,"3":0,"4":0,"5":0,"6":0,"7":0,"8":0,"9":0,"10":0,"11":0,"12":0,"13":0,"14":0,"15":0,"16":0,"17":1,"18":0,"19":0,"20":0,"21":0,"22":0,"23":0,"24":0,"25":1,"26":0,"27":0,"28":0,"29":0,"30":1},"f":{"0":0,"1":1,"2":0,"3":0,"4":0,"5":0,"6":1,"7":0,"8":0,"9":1},"b":{"0":[0,0],"1":[0,0],"2":[0,0],"3":[0,0],"4":[0,0],"5":[0,0]},"_coverageSchema":"1a1c01bbd47fc00a2c39e90264f33305004495a9","hash":"e04992bc89111b1ed16ca7333852e7680fac54cf"}
,"/workspace/src/services/transactionService.js": {"path":"/workspace/src/services/transactionService.js","statementMap":{"0":{"start":{"line":9,"column":21},"end":{"line":9,"column":23}},"1":{"start":{"line":17,"column":24},"end":{"line":17,"column":55}},"2":{"start":{"line":18,"column":4},"end":{"line":18,"column":35}},"3":{"start":{"line":19,"column":4},"end":{"line":19,"column":23}},"4":{"start":{"line":28,"column":26},"end":{"line":28,"column":51}},"5":{"start":{"line":29,"column":27},"end":{"line":31,"column":50}},"6":{"start":{"line":30,"column":32},"end":{"line":30,"column":51}},"7":{"start":{"line":31,"column":29},"end":{"line":31,"column":49}},"8":{"start":{"line":33,"column":17},"end":{"line":35,"column":5}},"9":{"start":{"line":34,"column":8},"end":{"line":34,"column":52}},"10":{"start":{"line":37,"column":4},"end":{"line":39,"column":5}},"11":{"start":{"line":38,"column":8},"end":{"line":38,"column":79}},"12":{"start":{"line":38,"column":46},"end":{"line":38,"column":77}},"13":{"start":{"line":41,"column":4},"end":{"line":41,"column":18}},"14":{"start":{"line":49,"column":4},"end":{"line":49,"column":24}},"15":{"start":{"line":57,"column":4},"end":{"line":57,"column":24}}},"fnMap":{"0":{"name":"createNewTransaction","decl":{"start":{"line":16,"column":16},"end":{"line":16,"column":36}},"loc":{"start":{"line":16,"column":51},"end":{"line":20,"column":1}},"line":16},"1":{"name":"getAllTransactions","decl":{"start":{"line":27,"column":16},"end":{"line":27,"column":34}},"loc":{"start":{"line":27,"column":51},"end":{"line":42,"column":1}},"line":27},"2":{"name":"(anonymous_2)","decl":{"start":{"line":30,"column":16},"end":{"line":30,"column":17}},"loc":{"start":{"line":30,"column":32},"end":{"line":30,"column":51}},"line":30},"3":{"name":"(anonymous_3)","decl":{"start":{"line":31,"column":13},"end":{"line":31,"column":14}},"loc":{"start":{"line":31,"column":29},"end":{"line":31,"column":49}},"line":31},"4":{"name":"(anonymous_4)","decl":{"start":{"line":33,"column":37},"end":{"line":33,"column":38}},"loc":{"start":{"line":34,"column":8},"end":{"line":34,"column":52}},"line":34},"5":{"name":"(anonymous_5)","decl":{"start":{"line":38,"column":31},"end":{"line":38,"column":32}},"loc":{"start":{"line":38,"column":46},"end":{"line":38,"column":77}},"line":38},"6":{"name":"getAllTransactionsRaw","decl":{"start":{"line":48,"column":16},"end":{"line":48,"column":37}},"loc":{"start":{"line":48,"column":40},"end":{"line":50,"column":1}},"line":48},"7":{"name":"getTransactionsStorage","decl":{"start":{"line":56,"column":16},"end":{"line":56,"column":38}},"loc":{"start":{"line":56,"column":41},"end":{"line":58,"column":1}},"line":56}},"branchMap":{"0":{"loc":{"start":{"line":27,"column":35},"end":{"line":27,"column":49}},"type":"default-arg","locations":[{"start":{"line":27,"column":45},"end":{"line":27,"column":49}}],"line":27},"1":{"loc":{"start":{"line":37,"column":4},"end":{"line":39,"column":5}},"type":"if","locations":[{"start":{"line":37,"column":4},"end":{"line":39,"column":5}},{"start":{},"end":{}}],"line":37}},"s":{"0":1,"1":0,"2":0,"3":0,"4":1,"5":1,"6":0,"7":0,"8":1,"9":0,"10":1,"11":0,"12":0,"13":1,"14":0,"15":0},"f":{"0":0,"1":1,"2":0,"3":0,"4":0,"5":0,"6":0,"7":0},"b":{"0":[1],"1":[0,1]},"_coverageSchema":"1a1c01bbd47fc00a2c39e90264f33305004495a9","hash":"17ecf56f877750d8f5bfcb48bf73baa9e3daa147"}
}
