TN:
SF:src/controllers/subscriptionController.js
FN:18,createSubscription
FN:55,getSubscriptions
FN:82,deleteSubscriptionById
FNF:3
FNH:1
FNDA:0,createSubscription
FNDA:1,getSubscriptions
FNDA:0,deleteSubscriptionById
DA:19,0
DA:20,0
DA:22,0
DA:27,0
DA:29,0
DA:30,0
DA:36,0
DA:37,0
DA:43,0
DA:56,1
DA:57,1
DA:60,1
DA:62,1
DA:69,0
DA:70,0
DA:83,0
DA:84,0
DA:86,0
DA:87,0
DA:88,0
DA:94,0
DA:95,0
DA:96,0
DA:100,0
DA:106,0
DA:107,0
LF:26
LH:4
BRDA:29,0,0,0
BRDA:29,0,1,0
BRDA:36,1,0,0
BRDA:36,1,1,0
BRDA:36,2,0,0
BRDA:36,2,1,0
BRDA:87,3,0,0
BRDA:87,3,1,0
BRDA:95,4,0,0
BRDA:95,4,1,0
BRF:10
BRH:0
end_of_record
TN:
SF:src/controllers/transactionController.js
FN:13,getTransactions
FNF:1
FNH:1
FNDA:1,getTransactions
DA:14,1
DA:15,1
DA:16,1
DA:18,1
DA:25,0
DA:26,0
LF:6
LH:4
BRF:0
BRH:0
end_of_record
TN:
SF:src/middleware/errorHandler.js
FN:12,errorHandler
FN:49,notFoundHandler
FNF:2
FNH:1
FNDA:0,errorHandler
FNDA:2,notFoundHandler
DA:13,0
DA:16,0
DA:17,0
DA:20,0
DA:21,0
DA:22,0
DA:23,0
DA:24,0
DA:25,0
DA:26,0
DA:27,0
DA:28,0
DA:29,0
DA:30,0
DA:31,0
DA:32,0
DA:33,0
DA:36,0
DA:50,2
LF:19
LH:1
BRDA:20,0,0,0
BRDA:20,0,1,0
BRDA:23,1,0,0
BRDA:23,1,1,0
BRDA:26,2,0,0
BRDA:26,2,1,0
BRDA:26,3,0,0
BRDA:26,3,1,0
BRDA:29,4,0,0
BRDA:29,4,1,0
BRDA:29,5,0,0
BRDA:29,5,1,0
BRDA:32,6,0,0
BRDA:32,6,1,0
BRDA:39,7,0,0
BRDA:39,7,1,0
BRF:16
BRH:0
end_of_record
TN:
SF:src/middleware/validation.js
FN:14,validateSubscriptionRequest
FN:58,validateTransactionQuery
FNF:2
FNH:2
FNDA:1,validateSubscriptionRequest
FNDA:1,validateTransactionQuery
DA:15,1
DA:18,1
DA:19,1
DA:26,0
DA:27,0
DA:34,0
DA:35,0
DA:42,0
DA:43,0
DA:49,0
DA:59,1
DA:61,1
DA:62,0
DA:68,1
LF:14
LH:6
BRDA:18,0,0,1
BRDA:18,0,1,0
BRDA:18,1,0,1
BRDA:18,1,1,0
BRDA:18,1,2,0
BRDA:18,1,3,0
BRDA:18,1,4,0
BRDA:26,2,0,0
BRDA:26,2,1,0
BRDA:34,3,0,0
BRDA:34,3,1,0
BRDA:42,4,0,0
BRDA:42,4,1,0
BRDA:42,5,0,0
BRDA:42,5,1,0
BRDA:61,6,0,0
BRDA:61,6,1,1
BRDA:61,7,0,1
BRDA:61,7,1,0
BRF:19
BRH:4
end_of_record
TN:
SF:src/models/Subscription.js
FN:12,isIntervalSupported
FN:20,getSupportedIntervals
FN:29,createSubscription
FN:61,validateSubscription
FNF:4
FNH:0
FNDA:0,isIntervalSupported
FNDA:0,getSupportedIntervals
FNDA:0,createSubscription
FNDA:0,validateSubscription
DA:5,1
DA:13,0
DA:21,0
DA:39,0
DA:41,0
DA:62,0
DA:63,0
DA:65,0
DA:66,0
DA:69,0
DA:70,0
DA:73,0
DA:74,0
DA:77,0
DA:78,0
DA:79,0
DA:80,0
DA:83,0
DA:84,0
DA:87,0
LF:20
LH:1
BRDA:65,0,0,0
BRDA:65,0,1,0
BRDA:69,1,0,0
BRDA:69,1,1,0
BRDA:69,2,0,0
BRDA:69,2,1,0
BRDA:69,2,2,0
BRDA:73,3,0,0
BRDA:73,3,1,0
BRDA:77,4,0,0
BRDA:77,4,1,0
BRDA:79,5,0,0
BRDA:79,5,1,0
BRDA:83,6,0,0
BRDA:83,6,1,0
BRF:15
BRH:0
end_of_record
TN:
SF:src/models/Transaction.js
FN:10,createTransaction
FN:31,validateTransactionQuery
FNF:2
FNH:0
FNDA:0,createTransaction
FNDA:0,validateTransactionQuery
DA:11,0
DA:32,0
DA:33,0
DA:35,0
DA:36,0
DA:39,0
LF:6
LH:0
BRDA:35,0,0,0
BRDA:35,0,1,0
BRDA:35,1,0,0
BRDA:35,1,1,0
BRF:4
BRH:0
end_of_record
TN:
SF:src/routes/index.js
FN:16,(anonymous_0)
FNF:1
FNH:1
FNDA:1,(anonymous_0)
DA:9,1
DA:12,1
DA:13,1
DA:16,1
DA:17,1
LF:5
LH:5
BRF:0
BRH:0
end_of_record
TN:
SF:src/routes/subscriptionRoutes.js
FNF:0
FNH:0
DA:13,1
DA:20,1
DA:27,1
DA:34,1
LF:4
LH:4
BRF:0
BRH:0
end_of_record
TN:
SF:src/routes/transactionRoutes.js
FNF:0
FNH:0
DA:9,1
DA:16,1
LF:2
LH:2
BRF:0
BRH:0
end_of_record
TN:
SF:src/services/currencyService.js
FN:127,convertToUSD
FN:142,convertFromUSD
FN:157,getExchangeRate
FN:178,formatCurrency
FN:270,isCurrencySupported
FN:278,getSupportedCurrencies
FNF:6
FNH:0
FNDA:0,convertToUSD
FNDA:0,convertFromUSD
FNDA:0,getExchangeRate
FNDA:0,formatCurrency
FNDA:0,isCurrencySupported
FNDA:0,getSupportedCurrencies
DA:8,1
DA:119,1
DA:128,0
DA:129,0
DA:132,0
DA:133,0
DA:143,0
DA:144,0
DA:147,0
DA:148,0
DA:158,0
DA:159,0
DA:162,0
DA:163,0
DA:165,0
DA:166,0
DA:169,0
DA:179,0
DA:259,0
DA:260,0
DA:262,0
DA:271,0
DA:279,0
LF:23
LH:2
BRDA:128,0,0,0
BRDA:128,0,1,0
BRDA:128,1,0,0
BRDA:128,1,1,0
BRDA:143,2,0,0
BRDA:143,2,1,0
BRDA:143,3,0,0
BRDA:143,3,1,0
BRDA:158,4,0,0
BRDA:158,4,1,0
BRDA:165,5,0,0
BRDA:165,5,1,0
BRDA:165,6,0,0
BRDA:165,6,1,0
BRDA:259,7,0,0
BRDA:259,7,1,0
BRDA:260,8,0,0
BRDA:260,8,1,0
BRF:18
BRH:0
end_of_record
TN:
SF:src/services/llmService.js
FN:15,analyzeCampaign
FN:73,analyzeCampaignFallback
FNF:2
FNH:0
FNDA:0,analyzeCampaign
FNDA:0,analyzeCampaignFallback
DA:4,1
DA:6,1
DA:16,0
DA:17,0
DA:31,0
DA:47,0
DA:50,0
DA:52,0
DA:58,0
DA:61,0
DA:75,0
DA:76,0
DA:78,0
DA:79,0
DA:81,0
DA:82,0
DA:84,0
DA:85,0
DA:87,0
DA:88,0
DA:91,0
DA:92,0
DA:95,0
LF:23
LH:2
BRDA:53,0,0,0
BRDA:53,0,1,0
BRDA:54,1,0,0
BRDA:54,1,1,0
BRDA:78,2,0,0
BRDA:78,2,1,0
BRDA:78,3,0,0
BRDA:78,3,1,0
BRDA:78,3,2,0
BRDA:81,4,0,0
BRDA:81,4,1,0
BRDA:81,5,0,0
BRDA:81,5,1,0
BRDA:81,5,2,0
BRDA:84,6,0,0
BRDA:84,6,1,0
BRDA:84,7,0,0
BRDA:84,7,1,0
BRDA:84,7,2,0
BRDA:87,8,0,0
BRDA:87,8,1,0
BRDA:87,9,0,0
BRDA:87,9,1,0
BRDA:87,9,2,0
BRDA:88,10,0,0
BRDA:88,10,1,0
BRDA:91,11,0,0
BRDA:91,11,1,0
BRDA:97,12,0,0
BRDA:97,12,1,0
BRF:30
BRH:0
end_of_record
TN:
SF:src/services/subscriptionService.js
FN:17,createNewSubscription
FN:66,getAllActiveSubscriptions
FN:67,(anonymous_2)
FN:75,getSubscriptionByDonorId
FN:84,deleteSubscription
FN:102,getAllSubscriptions
FN:112,filterSubscriptions
FN:113,(anonymous_7)
FN:115,(anonymous_8)
FN:124,getSubscriptionsStorage
FNF:10
FNH:3
FNDA:0,createNewSubscription
FNDA:1,getAllActiveSubscriptions
FNDA:0,(anonymous_2)
FNDA:0,getSubscriptionByDonorId
FNDA:0,deleteSubscription
FNDA:0,getAllSubscriptions
FNDA:1,filterSubscriptions
FNDA:0,(anonymous_7)
FNDA:0,(anonymous_8)
FNDA:1,getSubscriptionsStorage
DA:10,1
DA:18,0
DA:19,0
DA:20,0
DA:23,0
DA:26,0
DA:27,0
DA:31,0
DA:32,0
DA:36,0
DA:40,0
DA:41,0
DA:43,0
DA:44,0
DA:47,0
DA:58,0
DA:59,0
DA:67,1
DA:76,0
DA:85,0
DA:86,0
DA:89,0
DA:95,0
DA:103,0
DA:113,1
DA:114,0
DA:115,0
DA:116,0
DA:125,1
LF:29
LH:4
BRDA:19,0,0,0
BRDA:19,0,1,0
BRDA:26,1,0,0
BRDA:26,1,1,0
BRDA:31,2,0,0
BRDA:31,2,1,0
BRDA:40,3,0,0
BRDA:40,3,1,0
BRDA:76,4,0,0
BRDA:76,4,1,0
BRDA:85,5,0,0
BRDA:85,5,1,0
BRF:12
BRH:0
end_of_record
TN:
SF:src/services/transactionService.js
FN:16,createNewTransaction
FN:27,getAllTransactions
FN:30,(anonymous_2)
FN:31,(anonymous_3)
FN:33,(anonymous_4)
FN:38,(anonymous_5)
FN:48,getAllTransactionsRaw
FN:56,getTransactionsStorage
FNF:8
FNH:1
FNDA:0,createNewTransaction
FNDA:1,getAllTransactions
FNDA:0,(anonymous_2)
FNDA:0,(anonymous_3)
FNDA:0,(anonymous_4)
FNDA:0,(anonymous_5)
FNDA:0,getAllTransactionsRaw
FNDA:0,getTransactionsStorage
DA:9,1
DA:17,0
DA:18,0
DA:19,0
DA:28,1
DA:29,1
DA:30,0
DA:31,0
DA:33,1
DA:34,0
DA:37,1
DA:38,0
DA:41,1
DA:49,0
DA:57,0
LF:15
LH:6
BRDA:27,0,0,1
BRDA:37,1,0,0
BRDA:37,1,1,1
BRF:3
BRH:2
end_of_record
